<?xml version="1.0" encoding="UTF-8"?>
<!-- Generated by org.testng.reporters.JUnitXMLReporter -->
<testsuite hostname="LAPTOP-LO3ENO1Q" failures="0" tests="10" name="Test" time="78.846" errors="0" timestamp="28 Sep 2021 13:06:34 GMT">
  <testcase classname="com.urbanladder.runner.runner" name="runScenario" time="15.292"/>
  <testcase classname="com.urbanladder.runner.runner" name="runScenario" time="1.788"/>
  <testcase classname="com.urbanladder.runner.runner" name="runScenario" time="9.295"/>
  <testcase classname="com.urbanladder.runner.runner" name="runScenario" time="8.08"/>
  <testcase classname="com.urbanladder.runner.runner" name="runScenario" time="8.485"/>
  <testcase classname="com.urbanladder.runner.runner" name="runScenario" time="8.108"/>
  <testcase classname="com.urbanladder.runner.runner" name="runScenario" time="8.506"/>
  <testcase classname="com.urbanladder.runner.runner" name="runScenario" time="7.902"/>
  <testcase classname="com.urbanladder.runner.runner" name="runScenario" time="9.214"/>
  <testcase classname="com.urbanladder.runner.runner" name="runScenario" time="1.703"/>
</testsuite> <!-- Test -->
